19:03:26.249 INFO [main] org.lenskit.cli.Main: Starting LensKit 3.0-M1 on Java 1.8.0_92 from Oracle Corporation
19:03:26.272 DEBUG [main] org.lenskit.LenskitInfo: have 5573 active revisions
19:03:26.277 DEBUG [main] org.lenskit.cli.Main: Built from Git revision c0210fa3281ef8b15b0959bcd5fced43c5fec38a
19:03:26.277 DEBUG [main] org.lenskit.cli.Main: Using VM 'Java HotSpot(TM) 64-Bit Server VM' version 25.92-b14 from Oracle Corporation
19:03:26.278 INFO [main] org.lenskit.cli.Main: Have 8 processors and heap limit of 1796 MiB
19:03:26.292 INFO [main] org.lenskit.cli.util.RecommenderLoader: creating fresh recommender
19:03:26.526 INFO [main] org.lenskit.config.ConfigurationLoader: loading script from file:/D:/MyCoursera/recommendation%20systems/course1-week4/cbf-assignment/etc/basic.groovy
19:03:26.955 DEBUG [main] org.lenskit.data.dao.file.TextEntitySource: loading source ratings with base URI file:/D:/MyCoursera/recommendation%20systems/course1-week4/cbf-assignment/data/movielens.yml
19:03:26.955 DEBUG [main] org.lenskit.data.dao.file.TextEntitySource: resolved file URI: file:/D:/MyCoursera/recommendation%20systems/course1-week4/cbf-assignment/data/ratings.csv
19:03:26.965 INFO [main] org.lenskit.data.dao.file.TextEntitySource: loading text file source ratings to read from file:/D:/MyCoursera/recommendation%20systems/course1-week4/cbf-assignment/data/ratings.csv
19:03:26.970 DEBUG [main] org.lenskit.data.dao.file.TextEntitySource: ratings: using delimiter ,
19:03:26.970 DEBUG [main] org.lenskit.data.dao.file.TextEntitySource: ratings: reading header
19:03:26.970 DEBUG [main] org.lenskit.data.dao.file.TextEntitySource: ratings: reading entities of type EntityType[rating]
19:03:27.005 DEBUG [main] org.lenskit.data.dao.file.TextEntitySource: class org.lenskit.data.ratings.RatingBuilder: using entity builder {}
19:03:27.005 DEBUG [main] org.lenskit.data.dao.file.TextEntitySource: loading source movies with base URI file:/D:/MyCoursera/recommendation%20systems/course1-week4/cbf-assignment/data/movielens.yml
19:03:27.005 DEBUG [main] org.lenskit.data.dao.file.TextEntitySource: resolved file URI: file:/D:/MyCoursera/recommendation%20systems/course1-week4/cbf-assignment/data/movies.csv
19:03:27.005 INFO [main] org.lenskit.data.dao.file.TextEntitySource: loading text file source movies to read from file:/D:/MyCoursera/recommendation%20systems/course1-week4/cbf-assignment/data/movies.csv
19:03:27.006 DEBUG [main] org.lenskit.data.dao.file.TextEntitySource: movies: using delimiter ,
19:03:27.006 DEBUG [main] org.lenskit.data.dao.file.TextEntitySource: movies: reading header
19:03:27.006 DEBUG [main] org.lenskit.data.dao.file.TextEntitySource: movies: reading entities of type EntityType[item]
19:03:27.006 DEBUG [main] org.lenskit.data.dao.file.TextEntitySource: class org.lenskit.data.entities.BasicEntityBuilder: using entity builder {}
19:03:27.006 DEBUG [main] org.lenskit.data.dao.file.TextEntitySource: loading source tags with base URI file:/D:/MyCoursera/recommendation%20systems/course1-week4/cbf-assignment/data/movielens.yml
19:03:27.006 DEBUG [main] org.lenskit.data.dao.file.TextEntitySource: resolved file URI: file:/D:/MyCoursera/recommendation%20systems/course1-week4/cbf-assignment/data/tags.csv
19:03:27.006 INFO [main] org.lenskit.data.dao.file.TextEntitySource: loading text file source tags to read from file:/D:/MyCoursera/recommendation%20systems/course1-week4/cbf-assignment/data/tags.csv
19:03:27.006 DEBUG [main] org.lenskit.data.dao.file.TextEntitySource: tags: using delimiter ,
19:03:27.006 DEBUG [main] org.lenskit.data.dao.file.TextEntitySource: tags: reading header
19:03:27.006 DEBUG [main] org.lenskit.data.dao.file.TextEntitySource: tags: reading entities of type EntityType[item-tag]
19:03:27.009 DEBUG [main] org.lenskit.data.dao.file.TextEntitySource: class org.lenskit.data.entities.BasicEntityBuilder: using entity builder {}
19:03:27.014 DEBUG [main] org.lenskit.LenskitRecommenderEngineBuilder: building graph from 3 configurations
19:03:27.072 DEBUG [main] org.lenskit.inject.RecommenderInstantiator: replacing nodes in graph with 14 nodes
19:03:27.074 DEBUG [main] org.lenskit.inject.RecommenderInstantiator: found 4 shared nodes
19:03:28.082 INFO [main] org.lenskit.data.dao.file.StaticDataSource: deriving entity type EntityType[user] from EntityType[rating] (column TypedName[user: long])
19:03:28.149 INFO [main] org.lenskit.data.dao.file.StaticDataSource: deriving entity type EntityType[item] from EntityType[rating] (column TypedName[item: long])
19:03:28.173 INFO [main] org.lenskit.data.dao.file.StaticDataSource: deriving entity type EntityType[user] from EntityType[item-tag] (column TypedName[user: long])
19:03:28.192 INFO [main] org.lenskit.data.dao.file.StaticDataSource: deriving entity type EntityType[item] from EntityType[item-tag] (column TypedName[item: long])
19:03:28.216 DEBUG [main] org.lenskit.data.entities.EntityCollectionBuilder: built collection of 2500 entities with type EntityType[item] and 2 indexes
19:03:28.233 DEBUG [main] org.lenskit.data.entities.EntityCollectionBuilder: built collection of 264505 entities with type EntityType[rating] and 2 indexes
19:03:28.241 DEBUG [main] org.lenskit.data.entities.EntityCollectionBuilder: built collection of 94875 entities with type EntityType[item-tag] and 2 indexes
19:03:28.241 DEBUG [main] org.lenskit.data.entities.EntityCollectionBuilder: built collection of 862 entities with type EntityType[user] and 2 indexes
19:03:28.246 INFO [main] org.lenskit.mooc.cbf.TFIDFModelProvider: Building TF-IDF model
19:03:28.321 INFO [main] org.lenskit.mooc.cbf.TFIDFModelProvider: Computed TF vectors for 2500 items
19:03:28.361 DEBUG [main] org.lenskit.inject.RecommenderInstantiator: final graph has 14 nodes
19:03:28.362 INFO [main] org.lenskit.cli.util.RecommenderLoader: built recommender in 1.348 s
19:03:28.368 INFO [main] org.lenskit.cli.commands.Recommend: recommending for 1 users
19:03:28.375 DEBUG [main] org.lenskit.basic.TopNItemRecommender: computing effective candidates for user 320 from 2500 candidates and 62 excluded items
19:03:28.378 DEBUG [main] org.lenskit.basic.TopNItemRecommender: Computing 10 recommendations for user 320 from 2438 candidates
19:03:28.406 INFO [main] org.lenskit.cli.commands.Recommend: recommended for 1 users in 36.93 ms
19:03:28.406 INFO [main] org.lenskit.cli.Main: If you use LensKit in published research, please see http://lenskit.org/research/
