03:04:47.877 INFO [main] org.lenskit.cli.Main: Starting LensKit 3.0-M1 on Java 1.8.0_92 from Oracle Corporation
03:04:47.893 DEBUG [main] org.lenskit.LenskitInfo: have 5573 active revisions
03:04:47.893 DEBUG [main] org.lenskit.cli.Main: Built from Git revision c0210fa3281ef8b15b0959bcd5fced43c5fec38a
03:04:47.893 DEBUG [main] org.lenskit.cli.Main: Using VM 'Java HotSpot(TM) 64-Bit Server VM' version 25.92-b14 from Oracle Corporation
03:04:47.893 INFO [main] org.lenskit.cli.Main: Have 8 processors and heap limit of 1796 MiB
03:04:47.908 INFO [main] org.lenskit.cli.util.RecommenderLoader: creating fresh recommender
03:04:48.127 INFO [main] org.lenskit.config.ConfigurationLoader: loading script from file:/D:/coursera/recommendation%20systems/course1-week2/Honor/nonpers-assignment/etc/damped-mean.groovy
03:04:48.533 DEBUG [main] org.lenskit.data.dao.file.TextEntitySource: loading source ratings with base URI file:/D:/coursera/recommendation%20systems/course1-week2/Honor/nonpers-assignment/data/movielens.yml
03:04:48.533 DEBUG [main] org.lenskit.data.dao.file.TextEntitySource: resolved file URI: file:/D:/coursera/recommendation%20systems/course1-week2/Honor/nonpers-assignment/data/ratings.csv
03:04:48.533 INFO [main] org.lenskit.data.dao.file.TextEntitySource: loading text file source ratings to read from file:/D:/coursera/recommendation%20systems/course1-week2/Honor/nonpers-assignment/data/ratings.csv
03:04:48.549 DEBUG [main] org.lenskit.data.dao.file.TextEntitySource: ratings: using delimiter ,
03:04:48.549 DEBUG [main] org.lenskit.data.dao.file.TextEntitySource: ratings: reading header
03:04:48.549 DEBUG [main] org.lenskit.data.dao.file.TextEntitySource: ratings: reading entities of type EntityType[rating]
03:04:48.580 DEBUG [main] org.lenskit.data.dao.file.TextEntitySource: class org.lenskit.data.ratings.RatingBuilder: using entity builder {}
03:04:48.580 DEBUG [main] org.lenskit.data.dao.file.TextEntitySource: loading source movies with base URI file:/D:/coursera/recommendation%20systems/course1-week2/Honor/nonpers-assignment/data/movielens.yml
03:04:48.580 DEBUG [main] org.lenskit.data.dao.file.TextEntitySource: resolved file URI: file:/D:/coursera/recommendation%20systems/course1-week2/Honor/nonpers-assignment/data/movies.csv
03:04:48.580 INFO [main] org.lenskit.data.dao.file.TextEntitySource: loading text file source movies to read from file:/D:/coursera/recommendation%20systems/course1-week2/Honor/nonpers-assignment/data/movies.csv
03:04:48.580 DEBUG [main] org.lenskit.data.dao.file.TextEntitySource: movies: using delimiter ,
03:04:48.580 DEBUG [main] org.lenskit.data.dao.file.TextEntitySource: movies: reading header
03:04:48.580 DEBUG [main] org.lenskit.data.dao.file.TextEntitySource: movies: reading entities of type EntityType[item]
03:04:48.580 DEBUG [main] org.lenskit.data.dao.file.TextEntitySource: class org.lenskit.data.entities.BasicEntityBuilder: using entity builder {}
03:04:48.580 DEBUG [main] org.lenskit.data.dao.file.TextEntitySource: loading source tags with base URI file:/D:/coursera/recommendation%20systems/course1-week2/Honor/nonpers-assignment/data/movielens.yml
03:04:48.580 DEBUG [main] org.lenskit.data.dao.file.TextEntitySource: resolved file URI: file:/D:/coursera/recommendation%20systems/course1-week2/Honor/nonpers-assignment/data/tags.csv
03:04:48.580 INFO [main] org.lenskit.data.dao.file.TextEntitySource: loading text file source tags to read from file:/D:/coursera/recommendation%20systems/course1-week2/Honor/nonpers-assignment/data/tags.csv
03:04:48.580 DEBUG [main] org.lenskit.data.dao.file.TextEntitySource: tags: using delimiter ,
03:04:48.580 DEBUG [main] org.lenskit.data.dao.file.TextEntitySource: tags: reading header
03:04:48.580 DEBUG [main] org.lenskit.data.dao.file.TextEntitySource: tags: reading entities of type EntityType[item-tag]
03:04:48.580 DEBUG [main] org.lenskit.data.dao.file.TextEntitySource: class org.lenskit.data.entities.BasicEntityBuilder: using entity builder {}
03:04:48.580 DEBUG [main] org.lenskit.LenskitRecommenderEngineBuilder: building graph from 3 configurations
03:04:48.627 DEBUG [main] org.lenskit.inject.RecommenderInstantiator: replacing nodes in graph with 10 nodes
03:04:48.642 DEBUG [main] org.lenskit.inject.RecommenderInstantiator: found 6 shared nodes
03:04:49.552 INFO [main] org.lenskit.data.dao.file.StaticDataSource: deriving entity type EntityType[user] from EntityType[rating] (column TypedName[user: long])
03:04:49.645 INFO [main] org.lenskit.data.dao.file.StaticDataSource: deriving entity type EntityType[item] from EntityType[rating] (column TypedName[item: long])
03:04:49.692 DEBUG [main] org.lenskit.data.entities.EntityCollectionBuilder: built collection of 2500 entities with type EntityType[item] and 2 indexes
03:04:49.708 DEBUG [main] org.lenskit.data.entities.EntityCollectionBuilder: built collection of 264505 entities with type EntityType[rating] and 2 indexes
03:04:49.708 DEBUG [main] org.lenskit.data.entities.EntityCollectionBuilder: built collection of 94875 entities with type EntityType[item-tag] and 2 indexes
03:04:49.708 DEBUG [main] org.lenskit.data.entities.EntityCollectionBuilder: built collection of 862 entities with type EntityType[user] and 2 indexes
03:04:49.817 INFO [main] org.lenskit.mooc.nonpers.mean.DampedItemMeanModelProvider: computed mean ratings for 2500 items
03:04:49.833 DEBUG [main] org.lenskit.inject.RecommenderInstantiator: final graph has 10 nodes
03:04:49.833 INFO [main] org.lenskit.cli.util.RecommenderLoader: built recommender in 1.254 s
03:04:49.833 INFO [main] org.lenskit.cli.commands.GlobalRecommend: using 0 reference items: []
03:04:49.848 INFO [main] org.lenskit.mooc.nonpers.mean.MeanItemBasedItemRecommender: computing 10 recommendations from 2500 items
03:04:49.848 INFO [main] org.lenskit.cli.commands.GlobalRecommend: recommended in 11.97 ms
03:04:49.848 INFO [main] org.lenskit.cli.Main: If you use LensKit in published research, please see http://lenskit.org/research/
