04:00:40.796 INFO [main] org.lenskit.cli.Main: Starting LensKit 3.0-M1 on Java 1.8.0_92 from Oracle Corporation
04:00:40.828 DEBUG [main] org.lenskit.LenskitInfo: have 5573 active revisions
04:00:40.828 DEBUG [main] org.lenskit.cli.Main: Built from Git revision c0210fa3281ef8b15b0959bcd5fced43c5fec38a
04:00:40.828 DEBUG [main] org.lenskit.cli.Main: Using VM 'Java HotSpot(TM) 64-Bit Server VM' version 25.92-b14 from Oracle Corporation
04:00:40.828 INFO [main] org.lenskit.cli.Main: Have 8 processors and heap limit of 1796 MiB
04:00:40.843 INFO [main] org.lenskit.cli.util.RecommenderLoader: creating fresh recommender
04:00:41.124 INFO [main] org.lenskit.config.ConfigurationLoader: loading script from file:/D:/coursera/recommendation%20systems/course1-week2/Honor/nonpers-assignment/etc/mean.groovy
04:00:41.593 DEBUG [main] org.lenskit.data.dao.file.TextEntitySource: loading source ratings with base URI file:/D:/coursera/recommendation%20systems/course1-week2/Honor/nonpers-assignment/data/movielens.yml
04:00:41.593 DEBUG [main] org.lenskit.data.dao.file.TextEntitySource: resolved file URI: file:/D:/coursera/recommendation%20systems/course1-week2/Honor/nonpers-assignment/data/ratings.csv
04:00:41.593 INFO [main] org.lenskit.data.dao.file.TextEntitySource: loading text file source ratings to read from file:/D:/coursera/recommendation%20systems/course1-week2/Honor/nonpers-assignment/data/ratings.csv
04:00:41.609 DEBUG [main] org.lenskit.data.dao.file.TextEntitySource: ratings: using delimiter ,
04:00:41.609 DEBUG [main] org.lenskit.data.dao.file.TextEntitySource: ratings: reading header
04:00:41.609 DEBUG [main] org.lenskit.data.dao.file.TextEntitySource: ratings: reading entities of type EntityType[rating]
04:00:41.655 DEBUG [main] org.lenskit.data.dao.file.TextEntitySource: class org.lenskit.data.ratings.RatingBuilder: using entity builder {}
04:00:41.655 DEBUG [main] org.lenskit.data.dao.file.TextEntitySource: loading source movies with base URI file:/D:/coursera/recommendation%20systems/course1-week2/Honor/nonpers-assignment/data/movielens.yml
04:00:41.655 DEBUG [main] org.lenskit.data.dao.file.TextEntitySource: resolved file URI: file:/D:/coursera/recommendation%20systems/course1-week2/Honor/nonpers-assignment/data/movies.csv
04:00:41.655 INFO [main] org.lenskit.data.dao.file.TextEntitySource: loading text file source movies to read from file:/D:/coursera/recommendation%20systems/course1-week2/Honor/nonpers-assignment/data/movies.csv
04:00:41.655 DEBUG [main] org.lenskit.data.dao.file.TextEntitySource: movies: using delimiter ,
04:00:41.655 DEBUG [main] org.lenskit.data.dao.file.TextEntitySource: movies: reading header
04:00:41.655 DEBUG [main] org.lenskit.data.dao.file.TextEntitySource: movies: reading entities of type EntityType[item]
04:00:41.655 DEBUG [main] org.lenskit.data.dao.file.TextEntitySource: class org.lenskit.data.entities.BasicEntityBuilder: using entity builder {}
04:00:41.655 DEBUG [main] org.lenskit.data.dao.file.TextEntitySource: loading source tags with base URI file:/D:/coursera/recommendation%20systems/course1-week2/Honor/nonpers-assignment/data/movielens.yml
04:00:41.655 DEBUG [main] org.lenskit.data.dao.file.TextEntitySource: resolved file URI: file:/D:/coursera/recommendation%20systems/course1-week2/Honor/nonpers-assignment/data/tags.csv
04:00:41.655 INFO [main] org.lenskit.data.dao.file.TextEntitySource: loading text file source tags to read from file:/D:/coursera/recommendation%20systems/course1-week2/Honor/nonpers-assignment/data/tags.csv
04:00:41.655 DEBUG [main] org.lenskit.data.dao.file.TextEntitySource: tags: using delimiter ,
04:00:41.655 DEBUG [main] org.lenskit.data.dao.file.TextEntitySource: tags: reading header
04:00:41.655 DEBUG [main] org.lenskit.data.dao.file.TextEntitySource: tags: reading entities of type EntityType[item-tag]
04:00:41.655 DEBUG [main] org.lenskit.data.dao.file.TextEntitySource: class org.lenskit.data.entities.BasicEntityBuilder: using entity builder {}
04:00:41.671 DEBUG [main] org.lenskit.LenskitRecommenderEngineBuilder: building graph from 3 configurations
04:00:41.734 DEBUG [main] org.lenskit.inject.RecommenderInstantiator: replacing nodes in graph with 9 nodes
04:00:41.749 DEBUG [main] org.lenskit.inject.RecommenderInstantiator: found 5 shared nodes
04:00:42.811 INFO [main] org.lenskit.data.dao.file.StaticDataSource: deriving entity type EntityType[user] from EntityType[rating] (column TypedName[user: long])
04:00:42.905 INFO [main] org.lenskit.data.dao.file.StaticDataSource: deriving entity type EntityType[item] from EntityType[rating] (column TypedName[item: long])
04:00:42.936 DEBUG [main] org.lenskit.data.entities.EntityCollectionBuilder: built collection of 2500 entities with type EntityType[item] and 2 indexes
04:00:42.952 DEBUG [main] org.lenskit.data.entities.EntityCollectionBuilder: built collection of 264505 entities with type EntityType[rating] and 2 indexes
04:00:42.968 DEBUG [main] org.lenskit.data.entities.EntityCollectionBuilder: built collection of 94875 entities with type EntityType[item-tag] and 2 indexes
04:00:42.968 DEBUG [main] org.lenskit.data.entities.EntityCollectionBuilder: built collection of 862 entities with type EntityType[user] and 2 indexes
04:00:43.061 INFO [main] org.lenskit.mooc.nonpers.mean.ItemMeanModelProvider: computed mean ratings for 2500 items
04:00:43.077 DEBUG [main] org.lenskit.inject.RecommenderInstantiator: final graph has 9 nodes
04:00:43.077 INFO [main] org.lenskit.cli.util.RecommenderLoader: built recommender in 1.404 s
04:00:43.077 INFO [main] org.lenskit.cli.commands.GlobalRecommend: using 0 reference items: []
04:00:43.077 INFO [main] org.lenskit.mooc.nonpers.mean.MeanItemBasedItemRecommender: computing 10 recommendations from 2500 items
04:00:43.343 INFO [main] org.lenskit.cli.commands.GlobalRecommend: recommended in 256.7 ms
04:00:43.343 INFO [main] org.lenskit.cli.Main: If you use LensKit in published research, please see http://lenskit.org/research/
