03:15:10.578 INFO [main] org.lenskit.cli.Main: Starting LensKit 3.0-M1 on Java 1.8.0_92 from Oracle Corporation
03:15:10.609 DEBUG [main] org.lenskit.LenskitInfo: have 5573 active revisions
03:15:10.609 DEBUG [main] org.lenskit.cli.Main: Built from Git revision c0210fa3281ef8b15b0959bcd5fced43c5fec38a
03:15:10.609 DEBUG [main] org.lenskit.cli.Main: Using VM 'Java HotSpot(TM) 64-Bit Server VM' version 25.92-b14 from Oracle Corporation
03:15:10.609 INFO [main] org.lenskit.cli.Main: Have 8 processors and heap limit of 1796 MiB
03:15:10.625 INFO [main] org.lenskit.cli.util.RecommenderLoader: creating fresh recommender
03:15:10.843 INFO [main] org.lenskit.config.ConfigurationLoader: loading script from file:/D:/coursera/recommendation%20systems/course1-week2/Honor/nonpers-assignment/etc/simple-assoc.groovy
03:15:11.265 DEBUG [main] org.lenskit.data.dao.file.TextEntitySource: loading source ratings with base URI file:/D:/coursera/recommendation%20systems/course1-week2/Honor/nonpers-assignment/data/movielens.yml
03:15:11.265 DEBUG [main] org.lenskit.data.dao.file.TextEntitySource: resolved file URI: file:/D:/coursera/recommendation%20systems/course1-week2/Honor/nonpers-assignment/data/ratings.csv
03:15:11.265 INFO [main] org.lenskit.data.dao.file.TextEntitySource: loading text file source ratings to read from file:/D:/coursera/recommendation%20systems/course1-week2/Honor/nonpers-assignment/data/ratings.csv
03:15:11.281 DEBUG [main] org.lenskit.data.dao.file.TextEntitySource: ratings: using delimiter ,
03:15:11.281 DEBUG [main] org.lenskit.data.dao.file.TextEntitySource: ratings: reading header
03:15:11.281 DEBUG [main] org.lenskit.data.dao.file.TextEntitySource: ratings: reading entities of type EntityType[rating]
03:15:11.312 DEBUG [main] org.lenskit.data.dao.file.TextEntitySource: class org.lenskit.data.ratings.RatingBuilder: using entity builder {}
03:15:11.312 DEBUG [main] org.lenskit.data.dao.file.TextEntitySource: loading source movies with base URI file:/D:/coursera/recommendation%20systems/course1-week2/Honor/nonpers-assignment/data/movielens.yml
03:15:11.312 DEBUG [main] org.lenskit.data.dao.file.TextEntitySource: resolved file URI: file:/D:/coursera/recommendation%20systems/course1-week2/Honor/nonpers-assignment/data/movies.csv
03:15:11.312 INFO [main] org.lenskit.data.dao.file.TextEntitySource: loading text file source movies to read from file:/D:/coursera/recommendation%20systems/course1-week2/Honor/nonpers-assignment/data/movies.csv
03:15:11.312 DEBUG [main] org.lenskit.data.dao.file.TextEntitySource: movies: using delimiter ,
03:15:11.312 DEBUG [main] org.lenskit.data.dao.file.TextEntitySource: movies: reading header
03:15:11.312 DEBUG [main] org.lenskit.data.dao.file.TextEntitySource: movies: reading entities of type EntityType[item]
03:15:11.312 DEBUG [main] org.lenskit.data.dao.file.TextEntitySource: class org.lenskit.data.entities.BasicEntityBuilder: using entity builder {}
03:15:11.312 DEBUG [main] org.lenskit.data.dao.file.TextEntitySource: loading source tags with base URI file:/D:/coursera/recommendation%20systems/course1-week2/Honor/nonpers-assignment/data/movielens.yml
03:15:11.312 DEBUG [main] org.lenskit.data.dao.file.TextEntitySource: resolved file URI: file:/D:/coursera/recommendation%20systems/course1-week2/Honor/nonpers-assignment/data/tags.csv
03:15:11.312 INFO [main] org.lenskit.data.dao.file.TextEntitySource: loading text file source tags to read from file:/D:/coursera/recommendation%20systems/course1-week2/Honor/nonpers-assignment/data/tags.csv
03:15:11.312 DEBUG [main] org.lenskit.data.dao.file.TextEntitySource: tags: using delimiter ,
03:15:11.312 DEBUG [main] org.lenskit.data.dao.file.TextEntitySource: tags: reading header
03:15:11.312 DEBUG [main] org.lenskit.data.dao.file.TextEntitySource: tags: reading entities of type EntityType[item-tag]
03:15:11.312 DEBUG [main] org.lenskit.data.dao.file.TextEntitySource: class org.lenskit.data.entities.BasicEntityBuilder: using entity builder {}
03:15:11.312 DEBUG [main] org.lenskit.LenskitRecommenderEngineBuilder: building graph from 3 configurations
03:15:11.359 DEBUG [main] org.lenskit.inject.RecommenderInstantiator: replacing nodes in graph with 9 nodes
03:15:11.374 DEBUG [main] org.lenskit.inject.RecommenderInstantiator: found 5 shared nodes
03:15:12.312 INFO [main] org.lenskit.data.dao.file.StaticDataSource: deriving entity type EntityType[user] from EntityType[rating] (column TypedName[user: long])
03:15:12.374 INFO [main] org.lenskit.data.dao.file.StaticDataSource: deriving entity type EntityType[item] from EntityType[rating] (column TypedName[item: long])
03:15:12.390 DEBUG [main] org.lenskit.data.entities.EntityCollectionBuilder: built collection of 2500 entities with type EntityType[item] and 2 indexes
03:15:12.421 DEBUG [main] org.lenskit.data.entities.EntityCollectionBuilder: built collection of 264505 entities with type EntityType[rating] and 2 indexes
03:15:12.421 DEBUG [main] org.lenskit.data.entities.EntityCollectionBuilder: built collection of 94875 entities with type EntityType[item-tag] and 2 indexes
03:15:12.421 DEBUG [main] org.lenskit.data.entities.EntityCollectionBuilder: built collection of 862 entities with type EntityType[user] and 2 indexes
03:15:29.886 DEBUG [main] org.lenskit.mooc.nonpers.assoc.AssociationModel: transforming input map for 2500 items into log data
03:15:30.105 DEBUG [main] org.lenskit.inject.RecommenderInstantiator: final graph has 9 nodes
03:15:30.105 INFO [main] org.lenskit.cli.util.RecommenderLoader: built recommender in 18.79 s
03:15:30.105 INFO [main] org.lenskit.cli.commands.GlobalRecommend: using 1 reference items: [260]
03:15:30.120 INFO [main] org.lenskit.cli.commands.GlobalRecommend: recommended in 10.04 ms
03:15:30.120 INFO [main] org.lenskit.cli.Main: If you use LensKit in published research, please see http://lenskit.org/research/
